[2025-01-25 09:27:34,651]root INFO Logger initialized.
[2025-01-25 09:27:34,652]root INFO File created.
[2025-01-25 09:27:34,657]initFolder INFO The folder is initialized.
[2025-01-25 09:27:34,810]root INFO Main frame initialized.
[2025-01-25 09:43:23,895]root INFO Logger initialized.
[2025-01-25 09:43:23,900]initFolder INFO The folder is initialized.
[2025-01-25 09:43:24,045]root INFO Main frame initialized.
[2025-01-25 09:47:21,278]root INFO Logger initialized.
[2025-01-25 09:47:21,283]initFolder INFO The folder is initialized.
[2025-01-25 09:47:21,414]root INFO Main frame initialized.
[2025-01-25 09:47:22,785]root INFO Score frame initialized.
[2025-01-25 09:50:39,046]root INFO Logger initialized.
[2025-01-25 09:50:39,052]initFolder INFO The folder is initialized.
[2025-01-25 09:50:39,205]root INFO Main frame initialized.
[2025-01-25 09:50:40,484]root INFO Score frame initialized.
[2025-01-25 09:50:55,148]root INFO Logger initialized.
[2025-01-25 09:50:55,167]initFolder INFO The folder is initialized.
[2025-01-25 09:50:55,321]root INFO Main frame initialized.
[2025-01-25 09:50:57,543]root INFO Score frame initialized.
[2025-01-25 09:50:58,761]root INFO Main frame initialized.
[2025-01-25 09:50:59,918]root INFO Score frame initialized.
[2025-01-25 09:51:02,082]root INFO Main frame initialized.
[2025-01-25 09:51:03,214]root INFO Score frame initialized.
[2025-01-25 09:51:05,107]root INFO Main frame initialized.
[2025-01-25 11:28:27,544]root INFO Logger initialized.
[2025-01-25 11:28:27,555]root ERROR Error reading json file.
[2025-01-25 11:28:27,556]root ERROR Error reading json file.
[2025-01-25 11:28:27,557]root ERROR Error reading json file.
[2025-01-25 11:28:27,557]root ERROR Error reading json file.
[2025-01-25 11:28:27,558]root ERROR Error reading json file.
[2025-01-25 11:28:27,567]initFolder ERROR The folder is not initialized, creating the folder and files
[2025-01-25 11:28:27,737]initFolder INFO The folder is initialized.
[2025-01-25 11:28:27,847]root INFO Main frame initialized.
[2025-01-25 11:30:42,571]root INFO Logger initialized.
[2025-01-25 11:30:42,583]root ERROR Error reading json file.
[2025-01-25 11:30:42,584]root ERROR Error reading json file.
[2025-01-25 11:30:42,585]root ERROR Error reading json file.
[2025-01-25 11:30:42,585]root ERROR Error reading json file.
[2025-01-25 11:30:42,586]root ERROR Error reading json file.
[2025-01-25 11:30:42,600]initFolder ERROR The folder is not initialized, creating the folder and files
[2025-01-25 11:30:52,264]initFolder INFO The folder is initialized.
[2025-01-25 11:30:52,449]root INFO Main frame initialized.
[2025-01-25 11:31:19,793]root INFO Logger initialized.
[2025-01-25 11:31:19,805]initFolder INFO The folder is initialized.
[2025-01-25 11:31:19,975]root INFO Main frame initialized.
[2025-01-25 11:31:31,797]root INFO Logger initialized.
[2025-01-25 11:31:31,809]root ERROR Error reading json file.
[2025-01-25 11:31:31,810]root ERROR Error reading json file.
[2025-01-25 11:31:31,810]root ERROR Error reading json file.
[2025-01-25 11:31:31,811]root ERROR Error reading json file.
[2025-01-25 11:31:31,812]root ERROR Error reading json file.
[2025-01-25 11:31:31,827]initFolder ERROR The folder is not initialized, creating the folder and files
[2025-01-25 11:31:40,185]initFolder INFO The folder is initialized.
[2025-01-25 11:31:40,353]root INFO Main frame initialized.
[2025-01-25 11:34:32,851]root INFO Logger initialized.
[2025-01-25 11:34:32,857]initFolder INFO The folder is initialized.
[2025-01-25 11:34:33,006]root INFO Main frame initialized.
[2025-01-25 11:34:49,773]root INFO Logger initialized.
[2025-01-25 11:34:49,790]initFolder INFO The folder is initialized.
[2025-01-25 11:34:49,939]root INFO Main frame initialized.
[2025-01-25 11:34:55,694]root INFO Logger initialized.
[2025-01-25 11:34:55,695]root ERROR Error reading json file.
[2025-01-25 11:34:55,695]root ERROR Error reading json file.
[2025-01-25 11:34:55,696]root ERROR Error reading json file.
[2025-01-25 11:34:55,696]root ERROR Error reading json file.
[2025-01-25 11:34:55,697]root ERROR Error reading json file.
[2025-01-25 11:34:55,708]initFolder ERROR The folder is not initialized, creating the folder and files
[2025-01-25 11:34:59,973]initFolder INFO The folder is initialized.
[2025-01-25 11:35:00,180]root INFO Main frame initialized.
[2025-01-25 11:36:10,756]root INFO Logger initialized.
[2025-01-25 11:36:10,771]initFolder INFO The folder is initialized.
[2025-01-25 11:36:10,906]root INFO Main frame initialized.
[2025-01-25 11:36:17,379]root INFO Logger initialized.
[2025-01-25 11:36:17,384]root ERROR Error reading json file.
[2025-01-25 11:36:17,384]root ERROR Error reading json file.
[2025-01-25 11:36:17,385]root ERROR Error reading json file.
[2025-01-25 11:36:17,385]root ERROR Error reading json file.
[2025-01-25 11:36:17,386]root ERROR Error reading json file.
[2025-01-25 11:36:17,405]initFolder ERROR The folder is not initialized, creating the folder and files
[2025-01-25 11:36:22,116]initFolder INFO The folder is initialized.
[2025-01-25 11:36:22,305]root INFO Main frame initialized.
[2025-01-25 11:38:40,335]root INFO Logger initialized.
[2025-01-25 11:38:40,347]root ERROR Error reading json file.
[2025-01-25 11:38:40,348]root ERROR Error reading json file.
[2025-01-25 11:38:40,349]root ERROR Error reading json file.
[2025-01-25 11:38:40,349]root ERROR Error reading json file.
[2025-01-25 11:38:40,349]root ERROR Error reading json file.
[2025-01-25 11:38:40,363]initFolder ERROR The folder is not initialized, creating the folder and files
[2025-01-25 11:39:11,414]root INFO Logger initialized.
[2025-01-25 11:39:11,426]root ERROR Error reading json file.
[2025-01-25 11:39:11,427]root ERROR Error reading json file.
[2025-01-25 11:39:11,427]root ERROR Error reading json file.
[2025-01-25 11:39:11,428]root ERROR Error reading json file.
[2025-01-25 11:39:11,429]root ERROR Error reading json file.
[2025-01-25 11:39:11,443]initFolder ERROR The folder is not initialized, creating the folder and files
[2025-01-25 11:39:25,243]initFolder INFO The folder is initialized.
[2025-01-25 11:39:25,398]root INFO Main frame initialized.
[2025-01-25 11:42:04,397]root INFO Logger initialized.
[2025-01-25 11:42:04,405]initFolder INFO The folder is initialized.
[2025-01-25 11:42:04,552]root INFO Main frame initialized.
[2025-01-25 11:43:54,633]root INFO Logger initialized.
[2025-01-25 11:43:54,639]initFolder INFO The folder is initialized.
[2025-01-25 11:43:54,789]root INFO Main frame initialized.
[2025-01-25 11:43:58,075]root INFO Score frame initialized.
[2025-01-25 11:44:11,209]root INFO Logger initialized.
[2025-01-25 11:44:11,215]initFolder INFO The folder is initialized.
[2025-01-25 11:44:11,350]root INFO Main frame initialized.
[2025-01-25 11:44:20,802]root INFO Logger initialized.
[2025-01-25 11:44:25,561]root INFO Logger initialized.
[2025-01-25 11:44:25,567]initFolder INFO The folder is initialized.
[2025-01-25 11:44:25,693]root INFO Main frame initialized.
[2025-01-25 11:46:08,164]root INFO Logger initialized.
[2025-01-25 11:46:08,166]json-D:\projects\classScoreCounter\data\students.json INFO Reading json file.
[2025-01-25 11:46:08,167]json-D:\projects\classScoreCounter\data\groups.json INFO Reading json file.
[2025-01-25 11:46:08,167]json-D:\projects\classScoreCounter\data\reasons.json INFO Reading json file.
[2025-01-25 11:46:08,168]json-D:\projects\classScoreCounter\data\scores.json INFO Reading json file.
[2025-01-25 11:46:08,169]json-D:\projects\classScoreCounter\data\info.json INFO Reading json file.
[2025-01-25 11:46:08,173]initFolder INFO The folder is initialized.
[2025-01-25 11:46:08,315]root INFO Main frame initialized.
[2025-01-25 11:46:32,756]root INFO Logger initialized.
[2025-01-25 11:46:32,759]json-D:\projects\classScoreCounter\data\students.json INFO Reading json file.
[2025-01-25 11:46:32,761]json-D:\projects\classScoreCounter\data\students.json INFO Json file read.
[2025-01-25 11:46:32,761]json-D:\projects\classScoreCounter\data\groups.json INFO Reading json file.
[2025-01-25 11:46:32,762]json-D:\projects\classScoreCounter\data\groups.json INFO Json file read.
[2025-01-25 11:46:32,763]json-D:\projects\classScoreCounter\data\reasons.json INFO Reading json file.
[2025-01-25 11:46:32,764]json-D:\projects\classScoreCounter\data\reasons.json INFO Json file read.
[2025-01-25 11:46:32,765]json-D:\projects\classScoreCounter\data\scores.json INFO Reading json file.
[2025-01-25 11:46:32,766]json-D:\projects\classScoreCounter\data\scores.json INFO Json file read.
[2025-01-25 11:46:32,767]json-D:\projects\classScoreCounter\data\info.json INFO Reading json file.
[2025-01-25 11:46:32,768]json-D:\projects\classScoreCounter\data\info.json INFO Json file read.
[2025-01-25 11:46:32,772]initFolder INFO The folder is initialized.
[2025-01-25 11:46:32,928]root INFO Main frame initialized.
[2025-01-25 11:46:54,531]root INFO Logger initialized.
[2025-01-25 11:46:54,533]json-D:\projects\classScoreCounter\data\students.json INFO Reading json file.
[2025-01-25 11:46:54,534]json-D:\projects\classScoreCounter\data\students.json INFO Json file read.
[2025-01-25 11:46:54,534]json-D:\projects\classScoreCounter\data\groups.json INFO Reading json file.
[2025-01-25 11:46:54,535]json-D:\projects\classScoreCounter\data\groups.json INFO Json file read.
[2025-01-25 11:46:54,535]json-D:\projects\classScoreCounter\data\reasons.json INFO Reading json file.
[2025-01-25 11:46:54,536]json-D:\projects\classScoreCounter\data\reasons.json INFO Json file read.
[2025-01-25 11:46:54,537]json-D:\projects\classScoreCounter\data\scores.json INFO Reading json file.
[2025-01-25 11:46:54,538]json-D:\projects\classScoreCounter\data\scores.json INFO Json file read.
[2025-01-25 11:46:54,538]json-D:\projects\classScoreCounter\data\info.json INFO Reading json file.
[2025-01-25 11:46:54,539]json-D:\projects\classScoreCounter\data\info.json INFO Json file read.
[2025-01-25 11:46:54,542]initFolder INFO The folder is initialized.
[2025-01-25 11:46:54,694]root INFO Main frame initialized.
[2025-01-25 11:47:02,336]root INFO Score frame initialized.
[2025-01-26 09:11:28,364]root INFO Logger initialized.
[2025-01-26 09:11:28,366]json-D:\projects\classScoreCounter\data\students.json INFO Reading json file.
[2025-01-26 09:11:28,367]json-D:\projects\classScoreCounter\data\students.json INFO Json file read.
[2025-01-26 09:11:28,368]json-D:\projects\classScoreCounter\data\groups.json INFO Reading json file.
[2025-01-26 09:11:28,369]json-D:\projects\classScoreCounter\data\groups.json INFO Json file read.
[2025-01-26 09:11:28,370]json-D:\projects\classScoreCounter\data\reasons.json INFO Reading json file.
[2025-01-26 09:11:28,371]json-D:\projects\classScoreCounter\data\reasons.json INFO Json file read.
[2025-01-26 09:11:28,372]json-D:\projects\classScoreCounter\data\scores.json INFO Reading json file.
[2025-01-26 09:11:28,373]json-D:\projects\classScoreCounter\data\scores.json INFO Json file read.
[2025-01-26 09:11:28,374]json-D:\projects\classScoreCounter\data\info.json INFO Reading json file.
[2025-01-26 09:11:28,375]json-D:\projects\classScoreCounter\data\info.json INFO Json file read.
[2025-01-26 09:11:28,377]initFolder INFO The folder is initialized.
[2025-01-26 09:11:28,576]root INFO Main frame initialized.
[2025-01-26 09:11:33,779]root INFO Score frame initialized.
[2025-01-26 09:12:38,472]root INFO Logger initialized.
[2025-01-26 09:12:38,474]json-D:\projects\classScoreCounter\data\students.json INFO Reading json file.
[2025-01-26 09:12:38,475]json-D:\projects\classScoreCounter\data\students.json INFO Json file read.
[2025-01-26 09:12:38,476]json-D:\projects\classScoreCounter\data\groups.json INFO Reading json file.
[2025-01-26 09:12:38,477]json-D:\projects\classScoreCounter\data\groups.json INFO Json file read.
[2025-01-26 09:12:38,477]json-D:\projects\classScoreCounter\data\reasons.json INFO Reading json file.
[2025-01-26 09:12:38,478]json-D:\projects\classScoreCounter\data\reasons.json INFO Json file read.
[2025-01-26 09:12:38,479]json-D:\projects\classScoreCounter\data\scores.json INFO Reading json file.
[2025-01-26 09:12:38,480]json-D:\projects\classScoreCounter\data\scores.json INFO Json file read.
[2025-01-26 09:12:38,482]json-D:\projects\classScoreCounter\data\info.json INFO Reading json file.
[2025-01-26 09:12:38,483]json-D:\projects\classScoreCounter\data\info.json INFO Json file read.
[2025-01-26 09:12:38,486]initFolder INFO The folder is initialized.
[2025-01-26 09:12:38,632]root INFO Main frame initialized.
[2025-01-26 09:12:40,320]root INFO Score frame initialized.
[2025-01-26 09:15:34,581]root INFO Logger initialized.
[2025-01-26 09:15:34,582]json-D:\projects\classScoreCounter\data\students.json INFO Reading json file.
[2025-01-26 09:15:34,583]json-D:\projects\classScoreCounter\data\students.json INFO Json file read.
[2025-01-26 09:15:34,583]json-D:\projects\classScoreCounter\data\groups.json INFO Reading json file.
[2025-01-26 09:15:34,584]json-D:\projects\classScoreCounter\data\groups.json INFO Json file read.
[2025-01-26 09:15:34,584]json-D:\projects\classScoreCounter\data\reasons.json INFO Reading json file.
[2025-01-26 09:15:34,585]json-D:\projects\classScoreCounter\data\reasons.json INFO Json file read.
[2025-01-26 09:15:34,585]json-D:\projects\classScoreCounter\data\scores.json INFO Reading json file.
[2025-01-26 09:15:34,586]json-D:\projects\classScoreCounter\data\scores.json INFO Json file read.
[2025-01-26 09:15:34,587]json-D:\projects\classScoreCounter\data\info.json INFO Reading json file.
[2025-01-26 09:15:34,588]json-D:\projects\classScoreCounter\data\info.json INFO Json file read.
[2025-01-26 09:15:34,591]initFolder INFO The folder is initialized.
[2025-01-26 09:15:34,755]root INFO Main frame initialized.
[2025-01-26 09:15:36,508]root INFO Score frame initialized.
[2025-01-26 09:15:42,165]root INFO Logger initialized.
[2025-01-26 09:15:42,166]json-D:\projects\classScoreCounter\data\students.json INFO Reading json file.
[2025-01-26 09:15:42,167]json-D:\projects\classScoreCounter\data\students.json INFO Json file read.
[2025-01-26 09:15:42,167]json-D:\projects\classScoreCounter\data\groups.json INFO Reading json file.
[2025-01-26 09:15:42,168]json-D:\projects\classScoreCounter\data\groups.json INFO Json file read.
[2025-01-26 09:15:42,168]json-D:\projects\classScoreCounter\data\reasons.json INFO Reading json file.
[2025-01-26 09:15:42,168]json-D:\projects\classScoreCounter\data\reasons.json INFO Json file read.
[2025-01-26 09:15:42,169]json-D:\projects\classScoreCounter\data\scores.json INFO Reading json file.
[2025-01-26 09:15:42,169]json-D:\projects\classScoreCounter\data\scores.json INFO Json file read.
[2025-01-26 09:15:42,169]json-D:\projects\classScoreCounter\data\info.json INFO Reading json file.
[2025-01-26 09:15:42,170]json-D:\projects\classScoreCounter\data\info.json INFO Json file read.
[2025-01-26 09:15:42,172]initFolder INFO The folder is initialized.
[2025-01-26 09:15:42,304]root INFO Main frame initialized.
[2025-01-26 09:15:43,766]root INFO Score frame initialized.
[2025-01-26 09:17:04,443]root INFO Logger initialized.
[2025-01-26 09:17:04,455]json-D:\projects\classScoreCounter\data\students.json INFO Reading json file.
[2025-01-26 09:17:04,456]json-D:\projects\classScoreCounter\data\students.json INFO Json file read.
[2025-01-26 09:17:04,460]json-D:\projects\classScoreCounter\data\groups.json INFO Reading json file.
[2025-01-26 09:17:04,465]json-D:\projects\classScoreCounter\data\groups.json INFO Json file read.
[2025-01-26 09:17:04,465]json-D:\projects\classScoreCounter\data\reasons.json INFO Reading json file.
[2025-01-26 09:17:04,466]json-D:\projects\classScoreCounter\data\reasons.json INFO Json file read.
[2025-01-26 09:17:04,466]json-D:\projects\classScoreCounter\data\scores.json INFO Reading json file.
[2025-01-26 09:17:04,467]json-D:\projects\classScoreCounter\data\scores.json INFO Json file read.
[2025-01-26 09:17:04,468]json-D:\projects\classScoreCounter\data\info.json INFO Reading json file.
[2025-01-26 09:17:04,468]json-D:\projects\classScoreCounter\data\info.json INFO Json file read.
[2025-01-26 09:17:04,471]initFolder INFO The folder is initialized.
[2025-01-26 09:17:04,621]root INFO Main frame initialized.
[2025-01-26 09:17:06,421]root INFO Score frame initialized.
[2025-01-26 09:17:24,931]root INFO Logger initialized.
[2025-01-26 09:17:24,933]json-D:\projects\classScoreCounter\data\students.json INFO Reading json file.
[2025-01-26 09:17:24,933]json-D:\projects\classScoreCounter\data\students.json INFO Json file read.
[2025-01-26 09:17:24,935]json-D:\projects\classScoreCounter\data\groups.json INFO Reading json file.
[2025-01-26 09:17:24,936]json-D:\projects\classScoreCounter\data\groups.json INFO Json file read.
[2025-01-26 09:17:24,936]json-D:\projects\classScoreCounter\data\reasons.json INFO Reading json file.
[2025-01-26 09:17:24,937]json-D:\projects\classScoreCounter\data\reasons.json INFO Json file read.
[2025-01-26 09:17:24,937]json-D:\projects\classScoreCounter\data\scores.json INFO Reading json file.
[2025-01-26 09:17:24,938]json-D:\projects\classScoreCounter\data\scores.json INFO Json file read.
[2025-01-26 09:17:24,939]json-D:\projects\classScoreCounter\data\info.json INFO Reading json file.
[2025-01-26 09:17:24,940]json-D:\projects\classScoreCounter\data\info.json INFO Json file read.
[2025-01-26 09:17:24,943]initFolder INFO The folder is initialized.
[2025-01-26 09:17:25,100]root INFO Main frame initialized.
[2025-01-26 09:17:26,505]root INFO Score frame initialized.
[2025-01-26 09:17:39,736]root INFO Logger initialized.
[2025-01-26 09:17:39,739]json-D:\projects\classScoreCounter\data\students.json INFO Reading json file.
[2025-01-26 09:17:39,741]json-D:\projects\classScoreCounter\data\students.json INFO Json file read.
[2025-01-26 09:17:39,741]json-D:\projects\classScoreCounter\data\groups.json INFO Reading json file.
[2025-01-26 09:17:39,743]json-D:\projects\classScoreCounter\data\groups.json INFO Json file read.
[2025-01-26 09:17:39,744]json-D:\projects\classScoreCounter\data\reasons.json INFO Reading json file.
[2025-01-26 09:17:39,744]json-D:\projects\classScoreCounter\data\reasons.json INFO Json file read.
[2025-01-26 09:17:39,745]json-D:\projects\classScoreCounter\data\scores.json INFO Reading json file.
[2025-01-26 09:17:39,745]json-D:\projects\classScoreCounter\data\scores.json INFO Json file read.
[2025-01-26 09:17:39,746]json-D:\projects\classScoreCounter\data\info.json INFO Reading json file.
[2025-01-26 09:17:39,746]json-D:\projects\classScoreCounter\data\info.json INFO Json file read.
[2025-01-26 09:17:39,749]initFolder INFO The folder is initialized.
[2025-01-26 09:17:39,899]root INFO Main frame initialized.
[2025-01-26 09:17:41,041]root INFO Score frame initialized.
[2025-01-26 09:22:37,602]root INFO Logger initialized.
[2025-01-26 09:22:37,604]json-D:\projects\classScoreCounter\data\students.json INFO Reading json file.
[2025-01-26 09:22:37,605]json-D:\projects\classScoreCounter\data\students.json INFO Json file read.
[2025-01-26 09:22:37,606]json-D:\projects\classScoreCounter\data\groups.json INFO Reading json file.
[2025-01-26 09:22:37,607]json-D:\projects\classScoreCounter\data\groups.json INFO Json file read.
[2025-01-26 09:22:37,607]json-D:\projects\classScoreCounter\data\reasons.json INFO Reading json file.
[2025-01-26 09:22:37,608]json-D:\projects\classScoreCounter\data\reasons.json INFO Json file read.
[2025-01-26 09:22:37,609]json-D:\projects\classScoreCounter\data\scores.json INFO Reading json file.
[2025-01-26 09:22:37,609]json-D:\projects\classScoreCounter\data\scores.json INFO Json file read.
[2025-01-26 09:22:37,610]json-D:\projects\classScoreCounter\data\info.json INFO Reading json file.
[2025-01-26 09:22:37,611]json-D:\projects\classScoreCounter\data\info.json INFO Json file read.
[2025-01-26 09:22:37,615]initFolder INFO The folder is initialized.
[2025-01-26 09:22:37,764]root INFO Main frame initialized.
[2025-01-26 09:22:39,275]root INFO Score frame initialized.
[2025-01-26 09:23:16,854]root INFO Logger initialized.
[2025-01-26 09:23:16,860]json-D:\projects\classScoreCounter\data\students.json INFO Reading json file.
[2025-01-26 09:23:16,861]json-D:\projects\classScoreCounter\data\students.json INFO Json file read.
[2025-01-26 09:23:16,861]json-D:\projects\classScoreCounter\data\groups.json INFO Reading json file.
[2025-01-26 09:23:16,862]json-D:\projects\classScoreCounter\data\groups.json INFO Json file read.
[2025-01-26 09:23:16,863]json-D:\projects\classScoreCounter\data\reasons.json INFO Reading json file.
[2025-01-26 09:23:16,864]json-D:\projects\classScoreCounter\data\reasons.json INFO Json file read.
[2025-01-26 09:23:16,864]json-D:\projects\classScoreCounter\data\scores.json INFO Reading json file.
[2025-01-26 09:23:16,865]json-D:\projects\classScoreCounter\data\scores.json INFO Json file read.
[2025-01-26 09:23:16,865]json-D:\projects\classScoreCounter\data\info.json INFO Reading json file.
[2025-01-26 09:23:16,867]json-D:\projects\classScoreCounter\data\info.json INFO Json file read.
[2025-01-26 09:23:16,871]initFolder INFO The folder is initialized.
[2025-01-26 09:23:16,999]root INFO Main frame initialized.
[2025-01-26 09:23:18,723]root INFO Score frame initialized.
[2025-01-26 09:24:04,233]root INFO Logger initialized.
[2025-01-26 09:24:04,235]json-D:\projects\classScoreCounter\data\students.json INFO Reading json file.
[2025-01-26 09:24:04,242]json-D:\projects\classScoreCounter\data\students.json INFO Json file read.
[2025-01-26 09:24:04,243]json-D:\projects\classScoreCounter\data\groups.json INFO Reading json file.
[2025-01-26 09:24:04,244]json-D:\projects\classScoreCounter\data\groups.json INFO Json file read.
[2025-01-26 09:24:04,245]json-D:\projects\classScoreCounter\data\reasons.json INFO Reading json file.
[2025-01-26 09:24:04,246]json-D:\projects\classScoreCounter\data\reasons.json INFO Json file read.
[2025-01-26 09:24:04,246]json-D:\projects\classScoreCounter\data\scores.json INFO Reading json file.
[2025-01-26 09:24:04,247]json-D:\projects\classScoreCounter\data\scores.json INFO Json file read.
[2025-01-26 09:24:04,248]json-D:\projects\classScoreCounter\data\info.json INFO Reading json file.
[2025-01-26 09:24:04,249]json-D:\projects\classScoreCounter\data\info.json INFO Json file read.
[2025-01-26 09:24:04,251]initFolder INFO The folder is initialized.
[2025-01-26 09:24:04,399]root INFO Main frame initialized.
[2025-01-26 09:24:06,023]root INFO Score frame initialized.
[2025-01-26 09:25:52,328]root INFO Logger initialized.
[2025-01-26 09:25:52,330]json-D:\projects\classScoreCounter\data\students.json INFO Reading json file.
[2025-01-26 09:25:52,331]json-D:\projects\classScoreCounter\data\students.json INFO Json file read.
[2025-01-26 09:25:52,331]json-D:\projects\classScoreCounter\data\groups.json INFO Reading json file.
[2025-01-26 09:25:52,332]json-D:\projects\classScoreCounter\data\groups.json INFO Json file read.
[2025-01-26 09:25:52,332]json-D:\projects\classScoreCounter\data\reasons.json INFO Reading json file.
[2025-01-26 09:25:52,333]json-D:\projects\classScoreCounter\data\reasons.json INFO Json file read.
[2025-01-26 09:25:52,333]json-D:\projects\classScoreCounter\data\scores.json INFO Reading json file.
[2025-01-26 09:25:52,334]json-D:\projects\classScoreCounter\data\scores.json INFO Json file read.
[2025-01-26 09:25:52,335]json-D:\projects\classScoreCounter\data\info.json INFO Reading json file.
[2025-01-26 09:25:52,336]json-D:\projects\classScoreCounter\data\info.json INFO Json file read.
[2025-01-26 09:25:52,339]initFolder INFO The folder is initialized.
[2025-01-26 09:25:52,469]root INFO Main frame initialized.
[2025-01-26 09:25:53,885]root INFO Score frame initialized.
[2025-01-26 09:26:04,267]root INFO Main frame initialized.
[2025-01-26 09:26:06,952]root INFO Score frame initialized.
[2025-01-26 09:26:08,664]root INFO Main frame initialized.
[2025-01-26 09:26:09,455]root INFO Score frame initialized.
[2025-01-26 09:26:10,591]root INFO Main frame initialized.
[2025-01-26 09:26:11,476]root INFO Score frame initialized.
[2025-01-26 09:27:42,795]root INFO Logger initialized.
[2025-01-26 09:27:42,806]json-D:\projects\classScoreCounter\data\students.json INFO Reading json file.
[2025-01-26 09:27:42,809]json-D:\projects\classScoreCounter\data\students.json INFO Json file read.
[2025-01-26 09:27:42,809]json-D:\projects\classScoreCounter\data\groups.json INFO Reading json file.
[2025-01-26 09:27:42,810]json-D:\projects\classScoreCounter\data\groups.json INFO Json file read.
[2025-01-26 09:27:42,811]json-D:\projects\classScoreCounter\data\reasons.json INFO Reading json file.
[2025-01-26 09:27:42,812]json-D:\projects\classScoreCounter\data\reasons.json INFO Json file read.
[2025-01-26 09:27:42,813]json-D:\projects\classScoreCounter\data\scores.json INFO Reading json file.
[2025-01-26 09:27:42,813]json-D:\projects\classScoreCounter\data\scores.json INFO Json file read.
[2025-01-26 09:27:42,813]json-D:\projects\classScoreCounter\data\info.json INFO Reading json file.
[2025-01-26 09:27:42,815]json-D:\projects\classScoreCounter\data\info.json INFO Json file read.
[2025-01-26 09:27:42,817]initFolder INFO The folder is initialized.
[2025-01-26 09:27:42,977]root INFO Main frame initialized.
[2025-01-26 09:27:44,164]root INFO Score frame initialized.
[2025-01-26 09:31:20,653]root INFO Logger initialized.
[2025-01-26 09:31:20,655]json-D:\projects\classScoreCounter\data\students.json INFO Reading json file.
[2025-01-26 09:31:20,656]json-D:\projects\classScoreCounter\data\students.json INFO Json file read.
[2025-01-26 09:31:20,657]json-D:\projects\classScoreCounter\data\groups.json INFO Reading json file.
[2025-01-26 09:31:20,657]json-D:\projects\classScoreCounter\data\groups.json INFO Json file read.
[2025-01-26 09:31:20,658]json-D:\projects\classScoreCounter\data\reasons.json INFO Reading json file.
[2025-01-26 09:31:20,659]json-D:\projects\classScoreCounter\data\reasons.json INFO Json file read.
[2025-01-26 09:31:20,659]json-D:\projects\classScoreCounter\data\scores.json INFO Reading json file.
[2025-01-26 09:31:20,660]json-D:\projects\classScoreCounter\data\scores.json INFO Json file read.
[2025-01-26 09:31:20,661]json-D:\projects\classScoreCounter\data\info.json INFO Reading json file.
[2025-01-26 09:31:20,662]json-D:\projects\classScoreCounter\data\info.json INFO Json file read.
[2025-01-26 09:31:20,668]initFolder INFO The folder is initialized.
[2025-01-26 09:31:20,818]root INFO Main frame initialized.
[2025-01-26 09:31:22,261]root INFO Score frame initialized.
[2025-01-26 09:31:52,224]root INFO Logger initialized.
[2025-01-26 09:31:52,225]json-D:\projects\classScoreCounter\data\students.json INFO Reading json file.
[2025-01-26 09:31:52,226]json-D:\projects\classScoreCounter\data\students.json INFO Json file read.
[2025-01-26 09:31:52,227]json-D:\projects\classScoreCounter\data\groups.json INFO Reading json file.
[2025-01-26 09:31:52,227]json-D:\projects\classScoreCounter\data\groups.json INFO Json file read.
[2025-01-26 09:31:52,228]json-D:\projects\classScoreCounter\data\reasons.json INFO Reading json file.
[2025-01-26 09:31:52,229]json-D:\projects\classScoreCounter\data\reasons.json INFO Json file read.
[2025-01-26 09:31:52,229]json-D:\projects\classScoreCounter\data\scores.json INFO Reading json file.
[2025-01-26 09:31:52,230]json-D:\projects\classScoreCounter\data\scores.json INFO Json file read.
[2025-01-26 09:31:52,231]json-D:\projects\classScoreCounter\data\info.json INFO Reading json file.
[2025-01-26 09:31:52,232]json-D:\projects\classScoreCounter\data\info.json INFO Json file read.
[2025-01-26 09:31:52,235]initFolder INFO The folder is initialized.
[2025-01-26 09:31:52,377]root INFO Main frame initialized.
[2025-01-26 09:31:57,428]root INFO Score frame initialized.
[2025-01-26 09:32:44,494]root INFO Logger initialized.
[2025-01-26 09:32:44,506]json-D:\projects\classScoreCounter\data\students.json INFO Reading json file.
[2025-01-26 09:32:44,507]json-D:\projects\classScoreCounter\data\students.json INFO Json file read.
[2025-01-26 09:32:44,508]json-D:\projects\classScoreCounter\data\groups.json INFO Reading json file.
[2025-01-26 09:32:44,509]json-D:\projects\classScoreCounter\data\groups.json INFO Json file read.
[2025-01-26 09:32:44,509]json-D:\projects\classScoreCounter\data\reasons.json INFO Reading json file.
[2025-01-26 09:32:44,510]json-D:\projects\classScoreCounter\data\reasons.json INFO Json file read.
[2025-01-26 09:32:44,511]json-D:\projects\classScoreCounter\data\scores.json INFO Reading json file.
[2025-01-26 09:32:44,511]json-D:\projects\classScoreCounter\data\scores.json INFO Json file read.
[2025-01-26 09:32:44,512]json-D:\projects\classScoreCounter\data\info.json INFO Reading json file.
[2025-01-26 09:32:44,513]json-D:\projects\classScoreCounter\data\info.json INFO Json file read.
[2025-01-26 09:32:44,515]initFolder INFO The folder is initialized.
[2025-01-26 09:32:44,651]root INFO Main frame initialized.
[2025-01-26 09:32:46,076]root INFO Score frame initialized.
[2025-01-26 09:33:13,568]root INFO Logger initialized.
[2025-01-26 09:33:13,570]json-D:\projects\classScoreCounter\data\students.json INFO Reading json file.
[2025-01-26 09:33:13,571]json-D:\projects\classScoreCounter\data\students.json INFO Json file read.
[2025-01-26 09:33:13,571]json-D:\projects\classScoreCounter\data\groups.json INFO Reading json file.
[2025-01-26 09:33:13,572]json-D:\projects\classScoreCounter\data\groups.json INFO Json file read.
[2025-01-26 09:33:13,573]json-D:\projects\classScoreCounter\data\reasons.json INFO Reading json file.
[2025-01-26 09:33:13,573]json-D:\projects\classScoreCounter\data\reasons.json INFO Json file read.
[2025-01-26 09:33:13,574]json-D:\projects\classScoreCounter\data\scores.json INFO Reading json file.
[2025-01-26 09:33:13,574]json-D:\projects\classScoreCounter\data\scores.json INFO Json file read.
[2025-01-26 09:33:13,575]json-D:\projects\classScoreCounter\data\info.json INFO Reading json file.
[2025-01-26 09:33:13,576]json-D:\projects\classScoreCounter\data\info.json INFO Json file read.
[2025-01-26 09:33:13,579]initFolder INFO The folder is initialized.
[2025-01-26 09:33:13,716]root INFO Main frame initialized.
[2025-01-26 09:33:15,157]root INFO Score frame initialized.
[2025-01-26 09:35:58,175]root INFO Logger initialized.
[2025-01-26 09:35:58,180]json-D:\projects\classScoreCounter\data\students.json INFO Reading json file.
[2025-01-26 09:35:58,182]json-D:\projects\classScoreCounter\data\students.json INFO Json file read.
[2025-01-26 09:35:58,182]json-D:\projects\classScoreCounter\data\groups.json INFO Reading json file.
[2025-01-26 09:35:58,183]json-D:\projects\classScoreCounter\data\groups.json INFO Json file read.
[2025-01-26 09:35:58,184]json-D:\projects\classScoreCounter\data\reasons.json INFO Reading json file.
[2025-01-26 09:35:58,185]json-D:\projects\classScoreCounter\data\reasons.json INFO Json file read.
[2025-01-26 09:35:58,191]json-D:\projects\classScoreCounter\data\scores.json INFO Reading json file.
[2025-01-26 09:35:58,195]json-D:\projects\classScoreCounter\data\scores.json INFO Json file read.
[2025-01-26 09:35:58,196]json-D:\projects\classScoreCounter\data\info.json INFO Reading json file.
[2025-01-26 09:35:58,198]json-D:\projects\classScoreCounter\data\info.json INFO Json file read.
[2025-01-26 09:35:58,200]initFolder INFO The folder is initialized.
[2025-01-26 09:35:58,342]root INFO Main frame initialized.
[2025-01-26 09:35:59,606]root INFO Score frame initialized.
[2025-01-26 09:47:01,274]root INFO Logger initialized.
[2025-01-26 09:47:01,276]json-D:\projects\classScoreCounter\data\students.json INFO Reading json file.
[2025-01-26 09:47:01,277]json-D:\projects\classScoreCounter\data\students.json INFO Json file read.
[2025-01-26 09:47:01,277]json-D:\projects\classScoreCounter\data\groups.json INFO Reading json file.
[2025-01-26 09:47:01,278]json-D:\projects\classScoreCounter\data\groups.json INFO Json file read.
[2025-01-26 09:47:01,278]json-D:\projects\classScoreCounter\data\reasons.json INFO Reading json file.
[2025-01-26 09:47:01,279]json-D:\projects\classScoreCounter\data\reasons.json INFO Json file read.
[2025-01-26 09:47:01,279]json-D:\projects\classScoreCounter\data\scores.json INFO Reading json file.
[2025-01-26 09:47:01,280]json-D:\projects\classScoreCounter\data\scores.json INFO Json file read.
[2025-01-26 09:47:01,280]json-D:\projects\classScoreCounter\data\info.json INFO Reading json file.
[2025-01-26 09:47:01,281]json-D:\projects\classScoreCounter\data\info.json INFO Json file read.
[2025-01-26 09:47:01,283]initFolder INFO The folder is initialized.
[2025-01-26 09:47:01,419]root INFO Main frame initialized.
[2025-01-26 09:47:11,261]root INFO Score frame initialized.
[2025-01-26 09:48:12,385]root INFO Logger initialized.
[2025-01-26 09:48:12,387]json-D:\projects\classScoreCounter\data\students.json INFO Reading json file.
[2025-01-26 09:48:12,388]json-D:\projects\classScoreCounter\data\students.json INFO Json file read.
[2025-01-26 09:48:12,388]json-D:\projects\classScoreCounter\data\groups.json INFO Reading json file.
[2025-01-26 09:48:12,389]json-D:\projects\classScoreCounter\data\groups.json INFO Json file read.
[2025-01-26 09:48:12,390]json-D:\projects\classScoreCounter\data\reasons.json INFO Reading json file.
[2025-01-26 09:48:12,390]json-D:\projects\classScoreCounter\data\reasons.json INFO Json file read.
[2025-01-26 09:48:12,391]json-D:\projects\classScoreCounter\data\scores.json INFO Reading json file.
[2025-01-26 09:48:12,391]json-D:\projects\classScoreCounter\data\scores.json INFO Json file read.
[2025-01-26 09:48:12,392]json-D:\projects\classScoreCounter\data\info.json INFO Reading json file.
[2025-01-26 09:48:12,393]json-D:\projects\classScoreCounter\data\info.json INFO Json file read.
[2025-01-26 09:48:12,397]initFolder INFO The folder is initialized.
[2025-01-26 09:48:12,545]root INFO Main frame initialized.
[2025-01-26 09:48:13,906]root INFO Score frame initialized.
[2025-01-26 09:50:14,314]root INFO Logger initialized.
[2025-01-26 09:50:14,317]json-D:\projects\classScoreCounter\data\students.json INFO Reading json file.
[2025-01-26 09:50:14,318]json-D:\projects\classScoreCounter\data\students.json INFO Json file read.
[2025-01-26 09:50:14,318]json-D:\projects\classScoreCounter\data\groups.json INFO Reading json file.
[2025-01-26 09:50:14,319]json-D:\projects\classScoreCounter\data\groups.json INFO Json file read.
[2025-01-26 09:50:14,319]json-D:\projects\classScoreCounter\data\reasons.json INFO Reading json file.
[2025-01-26 09:50:14,320]json-D:\projects\classScoreCounter\data\reasons.json INFO Json file read.
[2025-01-26 09:50:14,321]json-D:\projects\classScoreCounter\data\scores.json INFO Reading json file.
[2025-01-26 09:50:14,322]json-D:\projects\classScoreCounter\data\scores.json INFO Json file read.
[2025-01-26 09:50:14,323]json-D:\projects\classScoreCounter\data\info.json INFO Reading json file.
[2025-01-26 09:50:14,323]json-D:\projects\classScoreCounter\data\info.json INFO Json file read.
[2025-01-26 09:50:14,326]initFolder INFO The folder is initialized.
[2025-01-26 09:50:14,453]root INFO Main frame initialized.
[2025-01-26 09:50:15,727]root INFO Score frame initialized.
[2025-01-26 09:50:18,676]score INFO score mode changed to input
[2025-01-26 09:50:24,856]score INFO score mode changed to addorsub
[2025-01-26 09:50:26,110]score INFO score mode changed to input
[2025-01-26 09:50:27,654]score INFO reason mode changed to input
[2025-01-26 09:50:30,012]score INFO reason mode changed to none
[2025-01-26 09:50:31,580]score INFO reason mode changed to input
[2025-01-26 09:50:32,604]score INFO reason mode changed to json
[2025-01-26 09:50:35,011]score INFO score mode changed to addorsub
[2025-01-26 09:50:39,111]score INFO reason mode changed to none
[2025-01-26 09:50:40,087]score INFO reason mode changed to json
[2025-01-26 09:50:41,850]score INFO Set 52 to True
[2025-01-26 09:50:43,954]score INFO Set 52 to False
[2025-01-26 09:50:44,540]score INFO Set 52 to True
[2025-01-26 09:50:44,963]score INFO Set 52 to False
[2025-01-26 09:50:45,216]score INFO Set 52 to True
[2025-01-26 09:50:45,442]score INFO Set 52 to False
[2025-01-26 09:50:45,680]score INFO Set 52 to True
[2025-01-26 09:50:45,854]score INFO Set 52 to False
[2025-01-26 09:50:55,652]score INFO Set 1 to True
[2025-01-26 09:50:55,652]score INFO Set 2 to True
[2025-01-26 09:50:55,652]score INFO Set 3 to True
[2025-01-26 09:50:55,653]score INFO Set 4 to True
[2025-01-26 09:50:55,653]score INFO Set 5 to True
[2025-01-26 09:50:55,653]score INFO Set 6 to True
[2025-01-26 09:50:55,654]score INFO Set 7 to True
[2025-01-26 09:50:55,654]score INFO Set 8 to True
[2025-01-26 09:50:55,654]score INFO Set 9 to True
[2025-01-26 09:50:55,655]score INFO Set 10 to True
[2025-01-26 09:50:55,655]score INFO Set 11 to True
[2025-01-26 09:50:55,655]score INFO Set 12 to True
[2025-01-26 09:50:55,655]score INFO Set 13 to True
[2025-01-26 09:50:55,656]score INFO Set 14 to True
[2025-01-26 09:50:55,656]score INFO Set 15 to True
[2025-01-26 09:50:55,656]score INFO Set 16 to True
[2025-01-26 09:50:55,657]score INFO Set 17 to True
[2025-01-26 09:50:55,657]score INFO Set 18 to True
[2025-01-26 09:50:55,658]score INFO Set 19 to True
[2025-01-26 09:50:55,658]score INFO Set 20 to True
[2025-01-26 09:50:55,659]score INFO Set 21 to True
[2025-01-26 09:50:55,659]score INFO Set 22 to True
[2025-01-26 09:50:55,659]score INFO Set 23 to True
[2025-01-26 09:50:55,660]score INFO Set 24 to True
[2025-01-26 09:50:55,660]score INFO Set 25 to True
[2025-01-26 09:50:55,660]score INFO Set 26 to True
[2025-01-26 09:50:55,661]score INFO Set 27 to True
[2025-01-26 09:50:55,661]score INFO Set 28 to True
[2025-01-26 09:50:55,661]score INFO Set 29 to True
[2025-01-26 09:50:55,662]score INFO Set 30 to True
[2025-01-26 09:50:55,662]score INFO Set 31 to True
[2025-01-26 09:50:55,663]score INFO Set 32 to True
[2025-01-26 09:50:55,664]score INFO Set 33 to True
[2025-01-26 09:50:55,664]score INFO Set 34 to True
[2025-01-26 09:50:55,664]score INFO Set 35 to True
[2025-01-26 09:50:55,665]score INFO Set 36 to True
[2025-01-26 09:50:55,665]score INFO Set 37 to True
[2025-01-26 09:50:55,665]score INFO Set 38 to True
[2025-01-26 09:50:55,666]score INFO Set 39 to True
[2025-01-26 09:50:55,666]score INFO Set 40 to True
[2025-01-26 09:50:55,667]score INFO Set 41 to True
[2025-01-26 09:50:55,668]score INFO Set 42 to True
[2025-01-26 09:50:55,668]score INFO Set 43 to True
[2025-01-26 09:50:55,668]score INFO Set 44 to True
[2025-01-26 09:50:55,669]score INFO Set 45 to True
[2025-01-26 09:50:55,669]score INFO Set 46 to True
[2025-01-26 09:50:55,669]score INFO Set 47 to True
[2025-01-26 09:50:55,670]score INFO Set 48 to True
[2025-01-26 09:50:55,671]score INFO Set 49 to True
[2025-01-26 09:50:55,671]score INFO Set 50 to True
[2025-01-26 09:50:55,672]score INFO Set 51 to True
[2025-01-26 09:50:55,672]score INFO Set 52 to True
[2025-01-26 09:50:55,673]score INFO Set all to True
[2025-01-26 09:50:55,673]score INFO Set all students
[2025-01-26 09:51:22,279]root INFO Logger initialized.
[2025-01-26 09:51:22,290]json-D:\projects\classScoreCounter\data\students.json INFO Reading json file.
[2025-01-26 09:51:22,291]json-D:\projects\classScoreCounter\data\students.json INFO Json file read.
[2025-01-26 09:51:22,292]json-D:\projects\classScoreCounter\data\groups.json INFO Reading json file.
[2025-01-26 09:51:22,293]json-D:\projects\classScoreCounter\data\groups.json INFO Json file read.
[2025-01-26 09:51:22,293]json-D:\projects\classScoreCounter\data\reasons.json INFO Reading json file.
[2025-01-26 09:51:22,295]json-D:\projects\classScoreCounter\data\reasons.json INFO Json file read.
[2025-01-26 09:51:22,295]json-D:\projects\classScoreCounter\data\scores.json INFO Reading json file.
[2025-01-26 09:51:22,296]json-D:\projects\classScoreCounter\data\scores.json INFO Json file read.
[2025-01-26 09:51:22,297]json-D:\projects\classScoreCounter\data\info.json INFO Reading json file.
[2025-01-26 09:51:22,298]json-D:\projects\classScoreCounter\data\info.json INFO Json file read.
[2025-01-26 09:51:22,301]initFolder INFO The folder is initialized.
[2025-01-26 09:51:22,453]root INFO Main frame initialized.
[2025-01-26 09:51:23,754]root INFO Score frame initialized.
[2025-01-26 09:51:26,619]score INFO Set all students
[2025-01-26 09:51:28,356]score INFO Set all students
[2025-01-26 09:51:29,322]score INFO Set all students
[2025-01-26 09:51:29,828]score INFO Set all students
[2025-01-26 09:51:51,495]root INFO Logger initialized.
[2025-01-26 09:51:51,497]json-D:\projects\classScoreCounter\data\students.json INFO Reading json file.
[2025-01-26 09:51:51,499]json-D:\projects\classScoreCounter\data\students.json INFO Json file read.
[2025-01-26 09:51:51,499]json-D:\projects\classScoreCounter\data\groups.json INFO Reading json file.
[2025-01-26 09:51:51,500]json-D:\projects\classScoreCounter\data\groups.json INFO Json file read.
[2025-01-26 09:51:51,500]json-D:\projects\classScoreCounter\data\reasons.json INFO Reading json file.
[2025-01-26 09:51:51,501]json-D:\projects\classScoreCounter\data\reasons.json INFO Json file read.
[2025-01-26 09:51:51,502]json-D:\projects\classScoreCounter\data\scores.json INFO Reading json file.
[2025-01-26 09:51:51,502]json-D:\projects\classScoreCounter\data\scores.json INFO Json file read.
[2025-01-26 09:51:51,503]json-D:\projects\classScoreCounter\data\info.json INFO Reading json file.
[2025-01-26 09:51:51,503]json-D:\projects\classScoreCounter\data\info.json INFO Json file read.
[2025-01-26 09:51:51,506]initFolder INFO The folder is initialized.
[2025-01-26 09:51:51,650]root INFO Main frame initialized.
[2025-01-26 09:51:54,336]root INFO Score frame initialized.
[2025-01-26 09:51:56,246]score INFO Set all students to True
[2025-01-26 09:51:56,817]score INFO Set all students to False
[2025-01-26 09:51:57,299]score INFO Set all students to True
[2025-01-26 09:51:57,505]score INFO Set all students to False
[2025-01-26 09:51:57,710]score INFO Set all students to True
[2025-01-26 09:51:57,889]score INFO Set all students to False
[2025-01-26 09:51:58,093]score INFO Set all students to True
[2025-01-26 09:51:58,255]score INFO Set all students to False
[2025-01-26 09:51:58,438]score INFO Set all students to True
[2025-01-26 09:51:58,609]score INFO Set all students to False
[2025-01-26 09:51:59,020]score INFO Set all students to True
[2025-01-26 09:51:59,373]score INFO Set all students to False
[2025-01-26 09:52:05,679]score INFO reason mode changed to input
[2025-01-26 09:52:06,614]score INFO reason mode changed to json
[2025-01-26 09:52:09,760]score INFO Set 31 to True
[2025-01-26 09:52:15,178]score INFO OK button clicked, score mode:addorsub, reason mode:json, number:1
[2025-01-26 09:52:15,178]json-D:\projects\classScoreCounter\data\scores.json INFO Writing json file.
[2025-01-26 09:52:15,180]json-D:\projects\classScoreCounter\data\scores.json INFO Json file wrote.
[2025-01-26 09:52:15,180]json-D:\projects\classScoreCounter\data\info.json INFO Writing json file.
[2025-01-26 09:52:15,182]json-D:\projects\classScoreCounter\data\info.json INFO Json file wrote.
[2025-01-26 09:52:18,992]score INFO score operation done!
[2025-01-26 09:53:17,593]root INFO Logger initialized.
[2025-01-26 09:53:17,595]json-D:\projects\classScoreCounter\data\students.json INFO Reading json file.
[2025-01-26 09:53:17,595]json-D:\projects\classScoreCounter\data\students.json INFO Json file read.
[2025-01-26 09:53:17,596]json-D:\projects\classScoreCounter\data\groups.json INFO Reading json file.
[2025-01-26 09:53:17,597]json-D:\projects\classScoreCounter\data\groups.json INFO Json file read.
[2025-01-26 09:53:17,597]json-D:\projects\classScoreCounter\data\reasons.json INFO Reading json file.
[2025-01-26 09:53:17,598]json-D:\projects\classScoreCounter\data\reasons.json INFO Json file read.
[2025-01-26 09:53:17,598]json-D:\projects\classScoreCounter\data\scores.json INFO Reading json file.
[2025-01-26 09:53:17,599]json-D:\projects\classScoreCounter\data\scores.json INFO Json file read.
[2025-01-26 09:53:17,600]json-D:\projects\classScoreCounter\data\info.json INFO Reading json file.
[2025-01-26 09:53:17,601]json-D:\projects\classScoreCounter\data\info.json INFO Json file read.
[2025-01-26 09:53:17,603]initFolder INFO The folder is initialized.
[2025-01-26 09:53:17,785]root INFO Main frame initialized.
[2025-01-26 09:53:21,074]root INFO Score frame initialized.
[2025-01-26 09:53:21,979]score INFO Set all students to True
[2025-01-26 09:53:22,969]score INFO score mode changed to input
[2025-01-26 09:53:26,856]score INFO reason mode changed to none
[2025-01-26 09:53:28,359]score INFO OK button clicked, score mode: input, reason mode: none, number: 0
[2025-01-26 09:53:28,361]json-D:\projects\classScoreCounter\data\scores.json INFO Writing json file.
[2025-01-26 09:53:28,362]json-D:\projects\classScoreCounter\data\scores.json INFO Json file wrote.
[2025-01-26 09:53:28,363]json-D:\projects\classScoreCounter\data\info.json INFO Writing json file.
[2025-01-26 09:53:28,365]json-D:\projects\classScoreCounter\data\info.json INFO Json file wrote.
[2025-01-26 09:53:30,037]score INFO score operation has done!
[2025-01-26 09:55:36,037]score INFO score mode changed to addorsub
[2025-01-26 09:57:00,015]root INFO Logger initialized.
[2025-01-26 09:57:00,018]json-D:\projects\classScoreCounter\data\students.json INFO Reading json file.
[2025-01-26 09:57:00,019]json-D:\projects\classScoreCounter\data\students.json INFO Json file read.
[2025-01-26 09:57:00,019]json-D:\projects\classScoreCounter\data\groups.json INFO Reading json file.
[2025-01-26 09:57:00,020]json-D:\projects\classScoreCounter\data\groups.json INFO Json file read.
[2025-01-26 09:57:00,020]json-D:\projects\classScoreCounter\data\reasons.json INFO Reading json file.
[2025-01-26 09:57:00,021]json-D:\projects\classScoreCounter\data\reasons.json INFO Json file read.
[2025-01-26 09:57:00,022]json-D:\projects\classScoreCounter\data\scores.json INFO Reading json file.
[2025-01-26 09:57:00,023]json-D:\projects\classScoreCounter\data\scores.json INFO Json file read.
[2025-01-26 09:57:00,023]json-D:\projects\classScoreCounter\data\info.json INFO Reading json file.
[2025-01-26 09:57:00,024]json-D:\projects\classScoreCounter\data\info.json INFO Json file read.
[2025-01-26 09:57:00,027]initFolder INFO The folder is initialized.
[2025-01-26 09:57:00,161]root INFO Main frame initialized.
[2025-01-26 09:57:01,866]root INFO Score frame initialized.
[2025-01-26 09:57:04,302]score INFO score mode changed to input
[2025-01-26 09:57:06,461]score INFO score mode changed to addorsub
[2025-01-26 09:57:06,940]score INFO score mode changed to input
[2025-01-26 09:57:07,370]score INFO score mode changed to addorsub
[2025-01-26 09:57:07,829]score INFO score mode changed to input
[2025-01-26 09:57:08,336]score INFO reason mode changed to input
[2025-01-26 09:57:09,204]score INFO reason mode changed to none
[2025-01-26 09:57:09,556]score INFO reason mode changed to input
[2025-01-26 09:57:10,416]score INFO reason mode changed to json
[2025-01-26 09:57:11,314]score INFO score mode changed to addorsub
[2025-01-26 09:57:36,904]root INFO Main frame initialized.
[2025-01-26 09:57:42,060]root INFO Score frame initialized.
[2025-01-26 09:57:44,514]root INFO Main frame initialized.
[2025-01-26 10:00:38,390]root INFO Logger initialized.
[2025-01-26 10:00:38,401]json-D:\projects\classScoreCounter\data\students.json INFO Reading json file.
[2025-01-26 10:00:38,402]json-D:\projects\classScoreCounter\data\students.json INFO Json file read.
[2025-01-26 10:00:38,403]json-D:\projects\classScoreCounter\data\groups.json INFO Reading json file.
[2025-01-26 10:00:38,404]json-D:\projects\classScoreCounter\data\groups.json INFO Json file read.
[2025-01-26 10:00:38,404]json-D:\projects\classScoreCounter\data\reasons.json INFO Reading json file.
[2025-01-26 10:00:38,405]json-D:\projects\classScoreCounter\data\reasons.json INFO Json file read.
[2025-01-26 10:00:38,405]json-D:\projects\classScoreCounter\data\scores.json INFO Reading json file.
[2025-01-26 10:00:38,406]json-D:\projects\classScoreCounter\data\scores.json INFO Json file read.
[2025-01-26 10:00:38,406]json-D:\projects\classScoreCounter\data\info.json INFO Reading json file.
[2025-01-26 10:00:38,407]json-D:\projects\classScoreCounter\data\info.json INFO Json file read.
[2025-01-26 10:00:38,410]initFolder INFO The folder is initialized.
[2025-01-26 10:00:38,553]root INFO Main frame initialized.
[2025-01-26 10:00:41,707]root INFO Score frame initialized.
[2025-01-26 10:00:50,383]root INFO Main frame initialized.
[2025-01-26 10:01:57,020]root INFO Logger initialized.
[2025-01-26 10:01:57,023]json-D:\projects\classScoreCounter\data\students.json INFO Reading json file.
[2025-01-26 10:01:57,024]json-D:\projects\classScoreCounter\data\students.json INFO Json file read.
[2025-01-26 10:01:57,024]json-D:\projects\classScoreCounter\data\groups.json INFO Reading json file.
[2025-01-26 10:01:57,025]json-D:\projects\classScoreCounter\data\groups.json INFO Json file read.
[2025-01-26 10:01:57,026]json-D:\projects\classScoreCounter\data\reasons.json INFO Reading json file.
[2025-01-26 10:01:57,026]json-D:\projects\classScoreCounter\data\reasons.json INFO Json file read.
[2025-01-26 10:01:57,027]json-D:\projects\classScoreCounter\data\scores.json INFO Reading json file.
[2025-01-26 10:01:57,028]json-D:\projects\classScoreCounter\data\scores.json INFO Json file read.
[2025-01-26 10:01:57,029]json-D:\projects\classScoreCounter\data\info.json INFO Reading json file.
[2025-01-26 10:01:57,030]json-D:\projects\classScoreCounter\data\info.json INFO Json file read.
[2025-01-26 10:01:57,033]initFolder INFO The folder is initialized.
[2025-01-26 10:01:57,173]root INFO Main frame initialized.
[2025-01-26 10:02:01,058]root INFO Score frame initialized.
[2025-01-26 10:02:35,983]root INFO Logger initialized.
[2025-01-26 10:02:35,985]json-D:\projects\classScoreCounter\data\students.json INFO Reading json file.
[2025-01-26 10:02:35,986]json-D:\projects\classScoreCounter\data\students.json INFO Json file read.
[2025-01-26 10:02:35,986]json-D:\projects\classScoreCounter\data\groups.json INFO Reading json file.
[2025-01-26 10:02:35,987]json-D:\projects\classScoreCounter\data\groups.json INFO Json file read.
[2025-01-26 10:02:35,987]json-D:\projects\classScoreCounter\data\reasons.json INFO Reading json file.
[2025-01-26 10:02:35,988]json-D:\projects\classScoreCounter\data\reasons.json INFO Json file read.
[2025-01-26 10:02:35,988]json-D:\projects\classScoreCounter\data\scores.json INFO Reading json file.
[2025-01-26 10:02:35,989]json-D:\projects\classScoreCounter\data\scores.json INFO Json file read.
[2025-01-26 10:02:35,990]json-D:\projects\classScoreCounter\data\info.json INFO Reading json file.
[2025-01-26 10:02:35,991]json-D:\projects\classScoreCounter\data\info.json INFO Json file read.
[2025-01-26 10:02:35,994]initFolder INFO The folder is initialized.
[2025-01-26 10:02:36,124]root INFO Main frame initialized.
[2025-01-26 10:02:37,355]root INFO Score frame initialized.
[2025-01-26 10:02:58,436]root INFO Logger initialized.
[2025-01-26 10:02:58,448]json-D:\projects\classScoreCounter\data\students.json INFO Reading json file.
[2025-01-26 10:02:58,449]json-D:\projects\classScoreCounter\data\students.json INFO Json file read.
[2025-01-26 10:02:58,449]json-D:\projects\classScoreCounter\data\groups.json INFO Reading json file.
[2025-01-26 10:02:58,450]json-D:\projects\classScoreCounter\data\groups.json INFO Json file read.
[2025-01-26 10:02:58,451]json-D:\projects\classScoreCounter\data\reasons.json INFO Reading json file.
[2025-01-26 10:02:58,452]json-D:\projects\classScoreCounter\data\reasons.json INFO Json file read.
[2025-01-26 10:02:58,452]json-D:\projects\classScoreCounter\data\scores.json INFO Reading json file.
[2025-01-26 10:02:58,453]json-D:\projects\classScoreCounter\data\scores.json INFO Json file read.
[2025-01-26 10:02:58,455]json-D:\projects\classScoreCounter\data\info.json INFO Reading json file.
[2025-01-26 10:02:58,457]json-D:\projects\classScoreCounter\data\info.json INFO Json file read.
[2025-01-26 10:02:58,460]initFolder INFO The folder is initialized.
[2025-01-26 10:02:58,608]root INFO Main frame initialized.
[2025-01-26 10:07:19,728]root INFO Logger initialized.
[2025-01-26 10:07:19,741]json-D:\projects\classScoreCounter\data\students.json INFO Reading json file.
[2025-01-26 10:07:19,742]json-D:\projects\classScoreCounter\data\students.json INFO Json file read.
[2025-01-26 10:07:19,742]json-D:\projects\classScoreCounter\data\groups.json INFO Reading json file.
[2025-01-26 10:07:19,743]json-D:\projects\classScoreCounter\data\groups.json INFO Json file read.
[2025-01-26 10:07:19,744]json-D:\projects\classScoreCounter\data\reasons.json INFO Reading json file.
[2025-01-26 10:07:19,746]json-D:\projects\classScoreCounter\data\reasons.json INFO Json file read.
[2025-01-26 10:07:19,746]json-D:\projects\classScoreCounter\data\scores.json INFO Reading json file.
[2025-01-26 10:07:19,747]json-D:\projects\classScoreCounter\data\scores.json INFO Json file read.
[2025-01-26 10:07:19,748]json-D:\projects\classScoreCounter\data\info.json INFO Reading json file.
[2025-01-26 10:07:19,749]json-D:\projects\classScoreCounter\data\info.json INFO Json file read.
[2025-01-26 10:07:19,751]initFolder INFO The folder is initialized.
[2025-01-26 10:07:19,886]root INFO Main frame initialized.
[2025-01-26 10:07:22,993]root INFO Score frame initialized.
[2025-01-26 10:07:26,268]score INFO reason mode changed to input
[2025-01-26 10:07:26,746]score INFO reason mode changed to none
[2025-01-26 10:07:27,426]score INFO reason mode changed to input
[2025-01-26 10:07:28,827]score INFO reason mode changed to json
[2025-01-26 10:07:29,505]score INFO score mode changed to input
[2025-01-26 10:07:29,918]score INFO score mode changed to addorsub
[2025-01-26 10:07:35,366]root INFO Main frame initialized.
